<?xml version="1.0" encoding="UTF-8"?>
<testng-results skipped="0" failed="0" total="1" passed="1">
  <reporter-output>
  </reporter-output>
  <suite name="Default suite" duration-ms="37662" started-at="2015-05-19T15:04:22Z" finished-at="2015-05-19T15:05:00Z">
    <groups>
    </groups>
    <test name="Default test" duration-ms="37662" started-at="2015-05-19T15:04:22Z" finished-at="2015-05-19T15:05:00Z">
      <class name="by.epam.tests.YandexMailTest">
        <test-method status="PASS" signature="openDriver()[pri:0, instance:by.epam.tests.YandexMailTest@6393e80]" name="openDriver" is-config="true" duration-ms="19402" started-at="2015-05-19T12:04:22Z" finished-at="2015-05-19T12:04:41Z">
          <reporter-output>
          </reporter-output>
        </test-method> <!-- openDriver -->
        <test-method status="PASS" signature="testYandexMailBox()[pri:0, instance:by.epam.tests.YandexMailTest@6393e80]" name="testYandexMailBox" duration-ms="16993" started-at="2015-05-19T12:04:41Z" finished-at="2015-05-19T12:04:58Z">
          <reporter-output>
          </reporter-output>
        </test-method> <!-- testYandexMailBox -->
        <test-method status="PASS" signature="closeDriver()[pri:0, instance:by.epam.tests.YandexMailTest@6393e80]" name="closeDriver" is-config="true" duration-ms="1249" started-at="2015-05-19T12:04:58Z" finished-at="2015-05-19T12:05:00Z">
          <reporter-output>
          </reporter-output>
        </test-method> <!-- closeDriver -->
      </class> <!-- by.epam.tests.YandexMailTest -->
    </test> <!-- Default test -->
  </suite> <!-- Default suite -->
</testng-results>
